<?xml version="1.0" encoding="UTF-8" ?>
<testsuite failures="0" time="0.182" errors="0" skipped="0" tests="1" name="com.quartz.module.controller.QuartzControllerTest">
  <properties>
    <property name="java.runtime.name" value="Java(TM) SE Runtime Environment"/>
    <property name="sun.boot.library.path" value="C:\Program Files (x86)\Java\jdk1.6.0_23\jre\bin"/>
    <property name="java.vm.version" value="19.0-b09"/>
    <property name="java.vm.vendor" value="Sun Microsystems Inc."/>
    <property name="java.vendor.url" value="http://java.sun.com/"/>
    <property name="path.separator" value=";"/>
    <property name="java.vm.name" value="Java HotSpot(TM) Client VM"/>
    <property name="file.encoding.pkg" value="sun.io"/>
    <property name="user.country" value="IN"/>
    <property name="sun.java.launcher" value="SUN_STANDARD"/>
    <property name="sun.os.patch.level" value="Service Pack 1"/>
    <property name="java.vm.specification.name" value="Java Virtual Machine Specification"/>
    <property name="user.dir" value="D:\Workspaces\GamePlayProjectWorkSpace\project\gameplayfun\quartz-module"/>
    <property name="java.runtime.version" value="1.6.0_23-b05"/>
    <property name="java.awt.graphicsenv" value="sun.awt.Win32GraphicsEnvironment"/>
    <property name="basedir" value="D:\Workspaces\GamePlayProjectWorkSpace\project\gameplayfun\quartz-module"/>
    <property name="java.endorsed.dirs" value="C:\Program Files (x86)\Java\jdk1.6.0_23\jre\lib\endorsed"/>
    <property name="os.arch" value="x86"/>
    <property name="surefire.real.class.path" value="C:\Users\SORABH~1\AppData\Local\Temp\surefirebooter822229640385623802.jar"/>
    <property name="java.io.tmpdir" value="C:\Users\SORABH~1\AppData\Local\Temp\"/>
    <property name="line.separator" value="
"/>
    <property name="java.vm.specification.vendor" value="Sun Microsystems Inc."/>
    <property name="user.variant" value=""/>
    <property name="os.name" value="Windows 7"/>
    <property name="sun.jnu.encoding" value="Cp1252"/>
    <property name="java.library.path" value="C:\Program Files (x86)\Java\jdk1.6.0_23\jre\bin;.;C:\Windows\Sun\Java\bin;C:\Windows\system32;C:\Windows;C:\Program Files\Common Files\Microsoft Shared\Windows Live;C:\Program Files (x86)\Common Files\Microsoft Shared\Windows Live;C:\Program Files (x86)\Intel\iCLS Client\;C:\Program Files\Intel\iCLS Client\;C:\Program Files\Dell\DW WLAN Card;C:\Windows\system32;C:\Windows;C:\Windows\System32\Wbem;C:\Windows\System32\WindowsPowerShell\v1.0\;C:\Program Files\Intel\Intel(R) Management Engine Components\DAL;C:\Program Files\Intel\Intel(R) Management Engine Components\IPT;C:\Program Files (x86)\Intel\Intel(R) Management Engine Components\DAL;C:\Program Files (x86)\Intel\Intel(R) Management Engine Components\IPT;C:\Program Files\WIDCOMM\Bluetooth Software\;C:\Program Files\WIDCOMM\Bluetooth Software\syswow64;C:\Program Files\Dell\Dell Data Protection\Access\Advanced\Wave\Gemalto\Access Client\v5\;C:\Program Files (x86)\NTRU Cryptosystems\NTRU TCG Software Stack\bin\;C:\Program Files\NTRU Cryptosystems\NTRU TCG Software Stack\bin\;C:\Program Files (x86)\Windows Live\Shared;C:\Program Files (x86)\Microsoft SQL Server\100\Tools\Binn\;C:\Program Files\Microsoft SQL Server\100\Tools\Binn\;C:\Program Files\Microsoft SQL Server\100\DTS\Binn\;C:\Program Files (x86)\Microsoft SQL Server\100\Tools\Binn\VSShell\Common7\IDE\;C:\Program Files (x86)\Microsoft SQL Server\100\DTS\Binn\;C:\Program Files (x86)\Microsoft Visual Studio 9.0\Common7\IDE\PrivateAssemblies\;D:\CodeSetup\maven-2.2.1\bin;D:\CodeSetup\Apache Ant\ant-1.7.1\bin;D:\Sun\AppServer\bin;D:\CodeSetup\svn-win32-1.6.5\bin;C:\Program Files\TortoiseSVN\bin;C:\Program Files (x86)\Java\jdk1.6.0_23\bin;C:\Program Files (x86)\Git\cmd;%JBOSS_HOME%\bin;D:\Sun\AppServer\bin"/>
    <property name="surefire.test.class.path" value="D:\Workspaces\GamePlayProjectWorkSpace\project\gameplayfun\quartz-module\target\test-classes;D:\Workspaces\GamePlayProjectWorkSpace\project\gameplayfun\quartz-module\target\classes;D:\maven_repository\repository\org\quartz-scheduler\quartz-jboss\2.1.6\quartz-jboss-2.1.6.jar;D:\maven_repository\repository\org\quartz-scheduler\quartz\2.1.6\quartz-2.1.6.jar;D:\maven_repository\repository\c3p0\c3p0\0.9.1.1\c3p0-0.9.1.1.jar;D:\maven_repository\repository\org\slf4j\slf4j-api\1.6.1\slf4j-api-1.6.1.jar;D:\maven_repository\repository\junit\junit\4.6\junit-4.6.jar;D:\maven_repository\repository\javax\transaction\jta\1.1\jta-1.1.jar;D:\Workspaces\GamePlayProjectWorkSpace\project\gameplayfun\filemaker\target\filemaker-0.0.1-SNAPSHOT.jar;"/>
    <property name="java.specification.name" value="Java Platform API Specification"/>
    <property name="java.class.version" value="50.0"/>
    <property name="sun.management.compiler" value="HotSpot Client Compiler"/>
    <property name="os.version" value="6.1"/>
    <property name="user.home" value="C:\Users\sorabh2169"/>
    <property name="user.timezone" value="Asia/Calcutta"/>
    <property name="java.awt.printerjob" value="sun.awt.windows.WPrinterJob"/>
    <property name="java.specification.version" value="1.6"/>
    <property name="file.encoding" value="Cp1252"/>
    <property name="user.name" value="sorabh2169"/>
    <property name="java.class.path" value="D:\Workspaces\GamePlayProjectWorkSpace\project\gameplayfun\quartz-module\target\test-classes;D:\Workspaces\GamePlayProjectWorkSpace\project\gameplayfun\quartz-module\target\classes;D:\maven_repository\repository\org\quartz-scheduler\quartz-jboss\2.1.6\quartz-jboss-2.1.6.jar;D:\maven_repository\repository\org\quartz-scheduler\quartz\2.1.6\quartz-2.1.6.jar;D:\maven_repository\repository\c3p0\c3p0\0.9.1.1\c3p0-0.9.1.1.jar;D:\maven_repository\repository\org\slf4j\slf4j-api\1.6.1\slf4j-api-1.6.1.jar;D:\maven_repository\repository\junit\junit\4.6\junit-4.6.jar;D:\maven_repository\repository\javax\transaction\jta\1.1\jta-1.1.jar;D:\Workspaces\GamePlayProjectWorkSpace\project\gameplayfun\filemaker\target\filemaker-0.0.1-SNAPSHOT.jar;"/>
    <property name="java.vm.specification.version" value="1.0"/>
    <property name="sun.arch.data.model" value="32"/>
    <property name="java.home" value="C:\Program Files (x86)\Java\jdk1.6.0_23\jre"/>
    <property name="java.specification.vendor" value="Sun Microsystems Inc."/>
    <property name="user.language" value="en"/>
    <property name="awt.toolkit" value="sun.awt.windows.WToolkit"/>
    <property name="java.vm.info" value="mixed mode, sharing"/>
    <property name="java.version" value="1.6.0_23"/>
    <property name="java.ext.dirs" value="C:\Program Files (x86)\Java\jdk1.6.0_23\jre\lib\ext;C:\Windows\Sun\Java\lib\ext"/>
    <property name="sun.boot.class.path" value="C:\Program Files (x86)\Java\jdk1.6.0_23\jre\lib\resources.jar;C:\Program Files (x86)\Java\jdk1.6.0_23\jre\lib\rt.jar;C:\Program Files (x86)\Java\jdk1.6.0_23\jre\lib\sunrsasign.jar;C:\Program Files (x86)\Java\jdk1.6.0_23\jre\lib\jsse.jar;C:\Program Files (x86)\Java\jdk1.6.0_23\jre\lib\jce.jar;C:\Program Files (x86)\Java\jdk1.6.0_23\jre\lib\charsets.jar;C:\Program Files (x86)\Java\jdk1.6.0_23\jre\lib\modules\jdk.boot.jar;C:\Program Files (x86)\Java\jdk1.6.0_23\jre\classes"/>
    <property name="java.vendor" value="Sun Microsystems Inc."/>
    <property name="localRepository" value="D:\maven_repository\repository"/>
    <property name="file.separator" value="\"/>
    <property name="java.vendor.url.bug" value="http://java.sun.com/cgi-bin/bugreport.cgi"/>
    <property name="sun.cpu.endian" value="little"/>
    <property name="sun.io.unicode.encoding" value="UnicodeLittle"/>
    <property name="sun.desktop" value="windows"/>
    <property name="sun.cpu.isalist" value="pentium_pro+mmx pentium_pro pentium+mmx pentium i486 i386 i86"/>
  </properties>
  <testcase time="0.172" classname="com.quartz.module.controller.QuartzControllerTest" name="testFileListenerJob"/>
</testsuite>